<?xml version="1.0" encoding="UTF-8"?>
<testng-results ignored="0" total="0" passed="0" failed="0" skipped="0">
  <reporter-output>
  </reporter-output>
  <suite started-at="2023-10-15T14:27:56Z" name="stepDefFiles.TestRunner" finished-at="2023-10-15T14:27:56Z" duration-ms="8">
    <groups>
    </groups>
    <test started-at="2023-10-15T14:27:56Z" name="Command line test" finished-at="2023-10-15T14:27:56Z" duration-ms="8">
    </test> <!-- Command line test -->
  </suite> <!-- stepDefFiles.TestRunner -->
</testng-results>
